{
  "stats": {
    "suites": 1,
    "tests": 8,
    "passes": 8,
    "pending": 0,
    "failures": 0,
    "start": "2024-10-07T01:15:36.535Z",
    "end": "2024-10-07T01:15:39.898Z",
    "duration": 3363,
    "testsRegistered": 8,
    "passPercent": 100,
    "pendingPercent": 0,
    "other": 0,
    "hasOther": false,
    "skipped": 0,
    "hasSkipped": false
  },
  "results": [
    {
      "uuid": "5b29e2dc-7880-4c56-bc50-46bff5bc417a",
      "title": "",
      "fullFile": "cypress/e2e/spec.cy.js",
      "file": "cypress/e2e/spec.cy.js",
      "beforeHooks": [],
      "afterHooks": [],
      "tests": [],
      "suites": [
        {
          "uuid": "c7a552b4-2d81-44a9-a7ce-e579f19631ae",
          "title": "Notifications Page",
          "fullFile": "",
          "file": "",
          "beforeHooks": [],
          "afterHooks": [],
          "tests": [
            {
              "title": "should display the main elements",
              "fullTitle": "Notifications Page should display the main elements",
              "timedOut": null,
              "duration": 229,
              "state": "passed",
              "speed": "fast",
              "pass": true,
              "fail": false,
              "pending": false,
              "context": null,
              "code": "cy.get('main').should('be.visible');\ncy.get('header').should('be.visible');\ncy.get('.notifications-counter').should('be.visible');\ncy.get('.mark-all-button').should('be.visible');\ncy.get('footer').should('be.visible');",
              "err": {},
              "uuid": "e70dfae1-25c3-496d-a6c0-63557d3c9739",
              "parentUUID": "c7a552b4-2d81-44a9-a7ce-e579f19631ae",
              "isHook": false,
              "skipped": false
            },
            {
              "title": "should display notifications list",
              "fullTitle": "Notifications Page should display notifications list",
              "timedOut": null,
              "duration": 135,
              "state": "passed",
              "speed": "fast",
              "pass": true,
              "fail": false,
              "pending": false,
              "context": null,
              "code": "cy.get('main ul#list').should('be.visible');\ncy.get('main ul li').should('have.length', 7);",
              "err": {},
              "uuid": "8e8f9b98-ca89-46b9-acee-78ddf7e5c302",
              "parentUUID": "c7a552b4-2d81-44a9-a7ce-e579f19631ae",
              "isHook": false,
              "skipped": false
            },
            {
              "title": "should mark notifications as read",
              "fullTitle": "Notifications Page should mark notifications as read",
              "timedOut": null,
              "duration": 237,
              "state": "passed",
              "speed": "fast",
              "pass": true,
              "fail": false,
              "pending": false,
              "context": null,
              "code": "cy.get('.mark-all-button').click();\ncy.get('.notifications-counter').should('have.text', '0');\ncy.get('main ul li').should('not.have.class', 'new-notification');\ncy.get('.notification-dot').should('not.be.visible');",
              "err": {},
              "uuid": "72eb2e69-9192-495f-bb0c-c8a42cd54ea5",
              "parentUUID": "c7a552b4-2d81-44a9-a7ce-e579f19631ae",
              "isHook": false,
              "skipped": false
            },
            {
              "title": "should display notification details",
              "fullTitle": "Notifications Page should display notification details",
              "timedOut": null,
              "duration": 150,
              "state": "passed",
              "speed": "fast",
              "pass": true,
              "fail": false,
              "pending": false,
              "context": null,
              "code": "cy.get('main ul li').first().as('firstNotification');\ncy.get('@firstNotification').find('img').should('be.visible');\ncy.get('@firstNotification').find('.notification-infos').should('be.visible');\ncy.get('@firstNotification').find('.notification-text').should('be.visible');\ncy.get('@firstNotification').find('.notification-link-post').should('be.visible');",
              "err": {},
              "uuid": "65cf5d26-fa61-47e4-babd-746d7ec3bfbb",
              "parentUUID": "c7a552b4-2d81-44a9-a7ce-e579f19631ae",
              "isHook": false,
              "skipped": false
            },
            {
              "title": "should hide private messages initially",
              "fullTitle": "Notifications Page should hide private messages initially",
              "timedOut": null,
              "duration": 121,
              "state": "passed",
              "speed": "fast",
              "pass": true,
              "fail": false,
              "pending": false,
              "context": null,
              "code": "cy.get('.notification-text-private-message').should('not.be.visible');",
              "err": {},
              "uuid": "b3d938f0-87f5-4d94-88f6-5fa85f73c4cf",
              "parentUUID": "c7a552b4-2d81-44a9-a7ce-e579f19631ae",
              "isHook": false,
              "skipped": false
            },
            {
              "title": "should show private messages on click",
              "fullTitle": "Notifications Page should show private messages on click",
              "timedOut": null,
              "duration": 206,
              "state": "passed",
              "speed": "fast",
              "pass": true,
              "fail": false,
              "pending": false,
              "context": null,
              "code": "cy.get('main ul li').eq(3).click(); // Assuming index 3 has a private message\ncy.get('.notification-text-private-message').should('be.visible');",
              "err": {},
              "uuid": "5ca8a10b-ff29-4796-bb2e-192423a59cee",
              "parentUUID": "c7a552b4-2d81-44a9-a7ce-e579f19631ae",
              "isHook": false,
              "skipped": false
            },
            {
              "title": "should navigate to profiles and posts on click",
              "fullTitle": "Notifications Page should navigate to profiles and posts on click",
              "timedOut": null,
              "duration": 404,
              "state": "passed",
              "speed": "fast",
              "pass": true,
              "fail": false,
              "pending": false,
              "context": null,
              "code": "cy.get('main ul li').first().find('.profile-link').click();\ncy.url().should('include', '#');\ncy.go('back');\ncy.get('main ul li').first().find('.notification-link-post').click();\ncy.url().should('include', '#');",
              "err": {},
              "uuid": "db497210-f05b-4d67-a561-4a4d83f31689",
              "parentUUID": "c7a552b4-2d81-44a9-a7ce-e579f19631ae",
              "isHook": false,
              "skipped": false
            },
            {
              "title": "should have correct font family applied",
              "fullTitle": "Notifications Page should have correct font family applied",
              "timedOut": null,
              "duration": 111,
              "state": "passed",
              "speed": "fast",
              "pass": true,
              "fail": false,
              "pending": false,
              "context": null,
              "code": "cy.get('body').should('have.css', 'font-family', '\"Plus Jakarta Sans\", sans-serif');",
              "err": {},
              "uuid": "2d5e9909-9fde-40c6-aef1-9bf71f8b4ee0",
              "parentUUID": "c7a552b4-2d81-44a9-a7ce-e579f19631ae",
              "isHook": false,
              "skipped": false
            }
          ],
          "suites": [],
          "passes": [
            "e70dfae1-25c3-496d-a6c0-63557d3c9739",
            "8e8f9b98-ca89-46b9-acee-78ddf7e5c302",
            "72eb2e69-9192-495f-bb0c-c8a42cd54ea5",
            "65cf5d26-fa61-47e4-babd-746d7ec3bfbb",
            "b3d938f0-87f5-4d94-88f6-5fa85f73c4cf",
            "5ca8a10b-ff29-4796-bb2e-192423a59cee",
            "db497210-f05b-4d67-a561-4a4d83f31689",
            "2d5e9909-9fde-40c6-aef1-9bf71f8b4ee0"
          ],
          "failures": [],
          "pending": [],
          "skipped": [],
          "duration": 1593,
          "root": false,
          "rootEmpty": false,
          "_timeout": 2000
        }
      ],
      "passes": [],
      "failures": [],
      "pending": [],
      "skipped": [],
      "duration": 0,
      "root": true,
      "rootEmpty": true,
      "_timeout": 2000
    }
  ],
  "meta": {
    "mocha": {
      "version": "7.0.1"
    },
    "mochawesome": {
      "options": {
        "quiet": false,
        "reportFilename": "my-report",
        "saveHtml": true,
        "saveJson": true,
        "consoleReporter": "spec",
        "useInlineDiffs": false,
        "code": true
      },
      "version": "7.1.3"
    },
    "marge": {
      "options": {
        "charts": true,
        "json": true,
        "reportsDir": "reports/your-reports-folder",
        "reportFilename": "my-report",
        "overwrite": false
      },
      "version": "6.2.0"
    }
  }
}